[2016-10-05 17:26:17,732] TRACE [Controller 0]: checking need to trigger partition rebalance (kafka.controller.KafkaController)
[2016-10-05 17:26:17,733] DEBUG [Controller 0]: preferred replicas by broker Map(2 -> Map([mbrokers,0] -> List(2, 0, 1)), 0 -> Map([test,0] -> List(0))) (kafka.controller.KafkaController)
[2016-10-05 17:26:17,733] DEBUG [Controller 0]: topics not in preferred replica Map([mbrokers,0] -> List(2, 0, 1)) (kafka.controller.KafkaController)
[2016-10-05 17:26:17,733] TRACE [Controller 0]: leader imbalance ratio for broker 2 is 1.000000 (kafka.controller.KafkaController)
[2016-10-05 17:26:17,733] DEBUG [Controller 0]: topics not in preferred replica Map() (kafka.controller.KafkaController)
[2016-10-05 17:26:17,733] TRACE [Controller 0]: leader imbalance ratio for broker 0 is 0.000000 (kafka.controller.KafkaController)
[2016-10-05 17:31:17,704] TRACE [Controller 0]: checking need to trigger partition rebalance (kafka.controller.KafkaController)
[2016-10-05 17:31:17,704] DEBUG [Controller 0]: preferred replicas by broker Map(2 -> Map([mbrokers,0] -> List(2, 0, 1)), 0 -> Map([test,0] -> List(0))) (kafka.controller.KafkaController)
[2016-10-05 17:31:17,704] DEBUG [Controller 0]: topics not in preferred replica Map([mbrokers,0] -> List(2, 0, 1)) (kafka.controller.KafkaController)
[2016-10-05 17:31:17,704] TRACE [Controller 0]: leader imbalance ratio for broker 2 is 1.000000 (kafka.controller.KafkaController)
[2016-10-05 17:31:17,704] DEBUG [Controller 0]: topics not in preferred replica Map() (kafka.controller.KafkaController)
[2016-10-05 17:31:17,704] TRACE [Controller 0]: leader imbalance ratio for broker 0 is 0.000000 (kafka.controller.KafkaController)
[2016-10-05 17:35:45,553] DEBUG preRegister called. Server=com.sun.jmx.mbeanserver.JmxMBeanServer@66d3c617, name=log4j:logger=kafka.controller (kafka.controller)
[2016-10-05 17:35:52,518] INFO [Controller 0]: Shutting down broker 0 (kafka.controller.KafkaController)
[2016-10-05 17:35:52,518] DEBUG [Controller 0]: All shutting down brokers: 0 (kafka.controller.KafkaController)
[2016-10-05 17:35:52,518] DEBUG [Controller 0]: Live brokers:  (kafka.controller.KafkaController)
[2016-10-05 17:35:52,518] INFO [Partition state machine on Controller 0]: Invoking state change to OnlinePartition for partitions [mbrokers,0] (kafka.controller.PartitionStateMachine)
[2016-10-05 17:35:52,523] TRACE [Controller 0]: All leaders = [mbrokers,0] -> (Leader:0,ISR:0,LeaderEpoch:2,ControllerEpoch:2),[test,0] -> (Leader:0,ISR:0,LeaderEpoch:1,ControllerEpoch:2) (kafka.controller.KafkaController)
[2016-10-05 17:35:59,821] DEBUG [Controller 0]: Controller resigning, broker id 0 (kafka.controller.KafkaController)
[2016-10-05 17:35:59,821] DEBUG [Controller 0]: De-registering IsrChangeNotificationListener (kafka.controller.KafkaController)
[2016-10-05 17:35:59,822] INFO [Partition state machine on Controller 0]: Stopped partition state machine (kafka.controller.PartitionStateMachine)
[2016-10-05 17:35:59,823] INFO [Replica state machine on controller 0]: Stopped replica state machine (kafka.controller.ReplicaStateMachine)
[2016-10-05 17:35:59,824] INFO [Controller-0-to-broker-0-send-thread], Shutting down (kafka.controller.RequestSendThread)
[2016-10-05 17:35:59,824] INFO [Controller-0-to-broker-0-send-thread], Stopped  (kafka.controller.RequestSendThread)
[2016-10-05 17:35:59,824] INFO [Controller-0-to-broker-0-send-thread], Shutdown completed (kafka.controller.RequestSendThread)
[2016-10-05 17:35:59,824] INFO [Controller 0]: Broker 0 resigned as the controller (kafka.controller.KafkaController)
[2016-10-05 17:36:08,227] INFO [Controller 0]: Controller starting up (kafka.controller.KafkaController)
[2016-10-05 17:36:08,255] INFO [Controller 0]: Broker 0 starting become controller state transition (kafka.controller.KafkaController)
[2016-10-05 17:36:08,264] INFO [Controller 0]: Initialized controller epoch to 2 and zk version 1 (kafka.controller.KafkaController)
[2016-10-05 17:36:08,269] INFO [Controller 0]: Controller 0 incremented epoch to 3 (kafka.controller.KafkaController)
[2016-10-05 17:36:08,271] DEBUG [Controller 0]: Registering IsrChangeNotificationListener (kafka.controller.KafkaController)
[2016-10-05 17:36:08,338] INFO [Controller 0]: Partitions undergoing preferred replica election:  (kafka.controller.KafkaController)
[2016-10-05 17:36:08,339] INFO [Controller 0]: Partitions that completed preferred replica election:  (kafka.controller.KafkaController)
[2016-10-05 17:36:08,339] INFO [Controller 0]: Resuming preferred replica election for partitions:  (kafka.controller.KafkaController)
[2016-10-05 17:36:08,342] INFO [Controller 0]: Partitions being reassigned: Map() (kafka.controller.KafkaController)
[2016-10-05 17:36:08,342] INFO [Controller 0]: Partitions already reassigned: List() (kafka.controller.KafkaController)
[2016-10-05 17:36:08,343] INFO [Controller 0]: Resuming reassignment of partitions: Map() (kafka.controller.KafkaController)
[2016-10-05 17:36:08,347] INFO [Controller 0]: List of topics to be deleted:  (kafka.controller.KafkaController)
[2016-10-05 17:36:08,348] INFO [Controller 0]: List of topics ineligible for deletion: mbrokers,test (kafka.controller.KafkaController)
[2016-10-05 17:36:08,351] INFO [Controller 0]: Currently active brokers in the cluster: Set() (kafka.controller.KafkaController)
[2016-10-05 17:36:08,351] INFO [Controller 0]: Currently shutting brokers in the cluster: Set() (kafka.controller.KafkaController)
[2016-10-05 17:36:08,352] INFO [Controller 0]: Current list of topics in the cluster: Set(test, mbrokers) (kafka.controller.KafkaController)
[2016-10-05 17:36:08,356] INFO [Replica state machine on controller 0]: Started replica state machine with initial state -> Map([Topic=mbrokers,Partition=0,Replica=1] -> ReplicaDeletionIneligible, [Topic=test,Partition=0,Replica=0] -> ReplicaDeletionIneligible, [Topic=mbrokers,Partition=0,Replica=2] -> ReplicaDeletionIneligible, [Topic=mbrokers,Partition=0,Replica=0] -> ReplicaDeletionIneligible) (kafka.controller.ReplicaStateMachine)
[2016-10-05 17:36:08,370] DEBUG [OfflinePartitionLeaderSelector]: No broker in ISR is alive for [mbrokers,0]. Pick the leader from the alive assigned replicas:  (kafka.controller.OfflinePartitionLeaderSelector)
[2016-10-05 17:36:08,383] DEBUG [OfflinePartitionLeaderSelector]: No broker in ISR is alive for [test,0]. Pick the leader from the alive assigned replicas:  (kafka.controller.OfflinePartitionLeaderSelector)
[2016-10-05 17:36:08,388] INFO [Partition state machine on Controller 0]: Started partition state machine with initial state -> Map([mbrokers,0] -> OfflinePartition, [test,0] -> OfflinePartition) (kafka.controller.PartitionStateMachine)
[2016-10-05 17:36:08,394] INFO [Controller 0]: Broker 0 is ready to serve as the new controller with epoch 3 (kafka.controller.KafkaController)
[2016-10-05 17:36:08,395] INFO [Controller 0]: Starting preferred replica leader election for partitions  (kafka.controller.KafkaController)
[2016-10-05 17:36:08,397] INFO [Partition state machine on Controller 0]: Invoking state change to OnlinePartition for partitions  (kafka.controller.PartitionStateMachine)
[2016-10-05 17:36:08,405] INFO [Controller 0]: starting the partition rebalance scheduler (kafka.controller.KafkaController)
[2016-10-05 17:36:08,406] INFO [Controller 0]: Controller startup complete (kafka.controller.KafkaController)
[2016-10-05 17:36:08,481] INFO [BrokerChangeListener on Controller 0]: Broker change listener fired for path /brokers/ids with children 0 (kafka.controller.ReplicaStateMachine$BrokerChangeListener)
[2016-10-05 17:36:08,499] INFO [BrokerChangeListener on Controller 0]: Newly added brokers: 0, deleted brokers: , all live brokers: 0 (kafka.controller.ReplicaStateMachine$BrokerChangeListener)
[2016-10-05 17:36:08,500] DEBUG [Channel manager on controller 0]: Controller 0 trying to connect to broker 0 (kafka.controller.ControllerChannelManager)
[2016-10-05 17:36:08,520] INFO [Controller-0-to-broker-0-send-thread], Starting  (kafka.controller.RequestSendThread)
[2016-10-05 17:36:08,521] INFO [Controller 0]: New broker startup callback for 0 (kafka.controller.KafkaController)
[2016-10-05 17:36:08,568] INFO [Controller-0-to-broker-0-send-thread], Controller 0 connected to 10.49.32.199:9092 (id: 0 rack: null) for sending state change requests (kafka.controller.RequestSendThread)
[2016-10-05 17:36:08,572] INFO [Replica state machine on controller 0]: Invoking state change to OnlineReplica for replicas [Topic=mbrokers,Partition=0,Replica=0],[Topic=test,Partition=0,Replica=0] (kafka.controller.ReplicaStateMachine)
[2016-10-05 17:36:08,605] DEBUG [OfflinePartitionLeaderSelector]: Some broker in ISR is alive for [mbrokers,0]. Select 0 from ISR 0 to be the leader. (kafka.controller.OfflinePartitionLeaderSelector)
[2016-10-05 17:36:08,605] INFO [OfflinePartitionLeaderSelector]: Selected new leader and ISR {"leader":0,"leader_epoch":3,"isr":[0]} for offline partition [mbrokers,0] (kafka.controller.OfflinePartitionLeaderSelector)
[2016-10-05 17:36:08,615] DEBUG [Partition state machine on Controller 0]: After leader election, leader cache is updated to Map([mbrokers,0] -> (Leader:0,ISR:0,LeaderEpoch:3,ControllerEpoch:3), [test,0] -> (Leader:0,ISR:0,LeaderEpoch:1,ControllerEpoch:2)) (kafka.controller.PartitionStateMachine)
[2016-10-05 17:36:08,622] DEBUG [OfflinePartitionLeaderSelector]: Some broker in ISR is alive for [test,0]. Select 0 from ISR 0 to be the leader. (kafka.controller.OfflinePartitionLeaderSelector)
[2016-10-05 17:36:08,622] INFO [OfflinePartitionLeaderSelector]: Selected new leader and ISR {"leader":0,"leader_epoch":2,"isr":[0]} for offline partition [test,0] (kafka.controller.OfflinePartitionLeaderSelector)
[2016-10-05 17:36:08,624] DEBUG [Partition state machine on Controller 0]: After leader election, leader cache is updated to Map([mbrokers,0] -> (Leader:0,ISR:0,LeaderEpoch:3,ControllerEpoch:3), [test,0] -> (Leader:0,ISR:0,LeaderEpoch:2,ControllerEpoch:3)) (kafka.controller.PartitionStateMachine)
[2016-10-05 17:36:13,411] TRACE [Controller 0]: checking need to trigger partition rebalance (kafka.controller.KafkaController)
[2016-10-05 17:36:13,414] DEBUG [Controller 0]: preferred replicas by broker Map(2 -> Map([mbrokers,0] -> List(2, 0, 1)), 0 -> Map([test,0] -> List(0))) (kafka.controller.KafkaController)
[2016-10-05 17:36:13,416] DEBUG [Controller 0]: topics not in preferred replica Map([mbrokers,0] -> List(2, 0, 1)) (kafka.controller.KafkaController)
[2016-10-05 17:36:13,417] TRACE [Controller 0]: leader imbalance ratio for broker 2 is 1.000000 (kafka.controller.KafkaController)
[2016-10-05 17:36:13,417] DEBUG [Controller 0]: topics not in preferred replica Map() (kafka.controller.KafkaController)
[2016-10-05 17:36:13,418] TRACE [Controller 0]: leader imbalance ratio for broker 0 is 0.000000 (kafka.controller.KafkaController)
[2016-10-05 17:36:46,160] DEBUG [TopicChangeListener on Controller 0]: Topic change listener fired for path /brokers/topics with children logstash_logs,test,mbrokers (kafka.controller.PartitionStateMachine$TopicChangeListener)
[2016-10-05 17:36:46,165] INFO [TopicChangeListener on Controller 0]: New topics: [Set(logstash_logs)], deleted topics: [Set()], new partition replica assignment [Map([logstash_logs,0] -> List(0))] (kafka.controller.PartitionStateMachine$TopicChangeListener)
[2016-10-05 17:36:46,165] INFO [Controller 0]: New topic creation callback for [logstash_logs,0] (kafka.controller.KafkaController)
[2016-10-05 17:36:46,168] INFO [Controller 0]: New partition creation callback for [logstash_logs,0] (kafka.controller.KafkaController)
[2016-10-05 17:36:46,168] INFO [Partition state machine on Controller 0]: Invoking state change to NewPartition for partitions [logstash_logs,0] (kafka.controller.PartitionStateMachine)
[2016-10-05 17:36:46,171] INFO [Replica state machine on controller 0]: Invoking state change to NewReplica for replicas [Topic=logstash_logs,Partition=0,Replica=0] (kafka.controller.ReplicaStateMachine)
[2016-10-05 17:36:46,174] INFO [Partition state machine on Controller 0]: Invoking state change to OnlinePartition for partitions [logstash_logs,0] (kafka.controller.PartitionStateMachine)
[2016-10-05 17:36:46,175] DEBUG [Partition state machine on Controller 0]: Live assigned replicas for partition [logstash_logs,0] are: [List(0)] (kafka.controller.PartitionStateMachine)
[2016-10-05 17:36:46,176] DEBUG [Partition state machine on Controller 0]: Initializing leader and isr for partition [logstash_logs,0] to (Leader:0,ISR:0,LeaderEpoch:0,ControllerEpoch:3) (kafka.controller.PartitionStateMachine)
[2016-10-05 17:36:46,189] INFO [Replica state machine on controller 0]: Invoking state change to OnlineReplica for replicas [Topic=logstash_logs,Partition=0,Replica=0] (kafka.controller.ReplicaStateMachine)
[2016-10-05 17:41:13,379] TRACE [Controller 0]: checking need to trigger partition rebalance (kafka.controller.KafkaController)
[2016-10-05 17:41:13,380] DEBUG [Controller 0]: preferred replicas by broker Map(2 -> Map([mbrokers,0] -> List(2, 0, 1)), 0 -> Map([logstash_logs,0] -> List(0), [test,0] -> List(0))) (kafka.controller.KafkaController)
[2016-10-05 17:41:13,380] DEBUG [Controller 0]: topics not in preferred replica Map([mbrokers,0] -> List(2, 0, 1)) (kafka.controller.KafkaController)
[2016-10-05 17:41:13,381] TRACE [Controller 0]: leader imbalance ratio for broker 2 is 1.000000 (kafka.controller.KafkaController)
[2016-10-05 17:41:13,381] DEBUG [Controller 0]: topics not in preferred replica Map() (kafka.controller.KafkaController)
[2016-10-05 17:41:13,381] TRACE [Controller 0]: leader imbalance ratio for broker 0 is 0.000000 (kafka.controller.KafkaController)
[2016-10-05 17:26:17,733] DEBUG [Controller 0]: topics not in preferred replica Map([mbrokers,0] -> List(2, 0, 1)) (kafka.controller.KafkaController)
[2016-10-05 17:26:17,733] DEBUG [Controller 0]: topics not in preferred replica Map([mbrokers,0] -> List(2, 0, 1)) (kafka.controller.KafkaController)
[2016-10-06 12Ish:7:26:17,732] TRACE [Controller 0]: checking need to trigger partition rebalance (kafka.controller.KafkaController)
[2016-10-07 17:35:59,821] DEBUG [Controller 0]: Controller resigning, broker id 0 (kafka.controller.KafkaController)
[2016-10-08 17:36:08,356] INFO [Replica state machine on controller 0]: Started replica state machine with initial state -> Map([Topic=mbrokers,Partition=0,Replica=1] -> ReplicaDeletionIneligible, [Topic=test,Partition=0,Replica=0] -> ReplicaDeletionIneligible, [Topic=mbrokers,Partition=0,Replica=2] -> ReplicaDeletionIneligible, [Topic=mbrokers,Partition=0,Replica=0] -> ReplicaDeletionIneligible) (kafka.controller.ReplicaStateMachine)
[2016-10-09 17:36:08,351] INFO [Controller 0]: Currently shutting brokers in the cluster: Set() (kafka.controller.KafkaController)
[2016-10-10 17:36:08,351] INFO [Controller 0]: Currently active brokers in the cluster: Set() (kafka.controller.KafkaController)
[2016-10-011 17:36:08,339] INFO [Controller 0]: Partitions that completed preferred replica election:  (kafka.controller.KafkaController)
[2016-10-15 17:36:08,351] INFO [Controller 0]: Currently shutting brokers in the cluster: Set() (kafka.controller.KafkaController)
[2016-10-12 17:36:08,351] INFO [Controller 0]: Currently shutting brokers in the cluster: Set() (kafka.controller.KafkaController)
[2016-10-13 17:36:08,351] INFO [Controller 0]: Currently shutting brokers in the cluster: Set() (kafka.controller.KafkaController)
[2016-10-14 17:36:08,351] INFO [Controller 0]: Currently shutting brokers in the cluster: Set() (kafka.controller.KafkaController)
[2016-10-16 17:36:08,351] INFO [Controller 0]: Currently shutting brokers in the cluster: Set() (kafka.controller.KafkaController)

